xrun(64): 19.03-s013: (c) Copyright 1995-2019 Cadence Design Systems, Inc.
TOOL:	xrun(64)	19.03-s013: Started on Dec 18, 2024 at 18:33:42 EST
xrun
	sha256.v
	sha256_testbench.v
Recompiling... reason: file './sha256_testbench.v' is newer than expected.
	expected: Wed Dec 18 18:29:01 2024
	actual:   Wed Dec 18 18:33:38 2024
file: sha256_testbench.v
	module worklib.SHA256_testbench:v
		errors: 0, warnings: 0
		Caching library 'worklib' ....... Done
	Elaborating the design hierarchy:
	SHA256_Output_Handler output_handler (
	                                   |
xmelab: *W,CUVWSP (./sha256.v,68|36): 1 output port was not connected:
xmelab: (./sha256.v,550): read_enable

	Top level design units:
		SHA256_testbench
	Building instance overlay tables: .................... Done
	Generating native compiled code:
		worklib.SHA256_testbench:v <0x35a01d2d>
			streams:   8, words:  7543
	Building instance specific data structures.
	Loading native compiled code:     .................... Done
	Design hierarchy summary:
		                 Instances  Unique
		Modules:                14      14
		Registers:              48      48
		Scalar wires:           12       -
		Vectored wires:         34       -
		Always blocks:           7       7
		Initial blocks:          6       6
		Cont. assignments:      15      23
		Pseudo assignments:      1       1
		Simulation timescale:  1ps
	Writing initial simulation snapshot: worklib.SHA256_testbench:v
Loading snapshot worklib.SHA256_testbench:v .................... Done
xcelium> source /escnfs/home/csesoft/cadence/installs/XCELIUM1903/tools/xcelium/files/xmsimrc
xcelium> run

Input String: Go Irish!
Output Hash:  5f0c 51e0 4c27 9254 ff75 4729 1c39 356e 5102 e762 1461 4d38 a918 7306 69ae f9d0
Correct Hash: 5f0c 51e0 4c27 9254 ff75 4729 1c39 356e 5102 e762 1461 4d38 a918 7306 69ae f9d0

Simulation stopped via $stop(1) at time 2395 NS + 0
./sha256_testbench.v:144             $stop;
xcelium> exit
TOOL:	xrun(64)	19.03-s013: Exiting on Dec 18, 2024 at 18:37:20 EST  (total: 00:03:38)
